2021-07-05T19:32:04.684Z [Socket Error] error: awwawdawdasdawda is not defined
2021-07-05T19:32:05.176Z [Socket Error] error: awwawdawdasdawda is not defined
2021-07-05T19:34:45.668Z [Socket Error] error: fetch is not defined
2021-07-05T19:34:54.617Z [Socket Error] error: fetch is not defined
2021-07-05T19:35:00.305Z [Socket Error] error: fetch is not defined
2021-07-05T19:35:47.838Z [Socket Error] error: fetch is not a function
2021-07-08T14:25:36.210Z [Socket Error] error: "disconnecting" is a reserved event name
2021-07-11T13:58:51.802Z [Socket Error] error: Cannot read property 'has' of undefined
2021-07-11T13:59:15.144Z [Socket Error] error: Cannot read property 'has' of undefined
2021-07-11T13:59:59.783Z [Socket Error] error: Cannot read property 'has' of undefined
2021-07-11T14:06:28.306Z [Socket Error] error: Cannot read property 'has' of undefined
2021-07-11T14:14:00.099Z [Socket Error] error: Cannot read property 'has' of undefined
2021-07-11T14:25:20.676Z [Socket Error] error: sid is not defined
2021-07-12T15:48:26.164Z [Socket Error] error: Cannot read property 'has' of undefined
2021-07-12T16:17:55.550Z [Socket Error] error: Cannot read property 'has' of undefined
2021-07-12T16:59:03.481Z [Socket Error] error: Cannot read property 'has' of undefined
2021-07-12T17:15:40.933Z [Socket Error] error: Cannot read property 'has' of undefined
2021-07-12T17:20:39.212Z [Socket Error] error: Cannot read property 'has' of undefined
2021-07-12T17:22:30.647Z [Socket Error] error: Cannot read property 'has' of undefined
2021-07-12T17:27:12.648Z [Socket Error] error: socket.on is not a function
2021-07-12T17:28:27.718Z [Socket Error] error: socket.on is not a function
2021-07-15T11:36:56.091Z [Socket Error] error: Cannot access 'connectedUsers' before initialization
